<?xml version="1.0" encoding="utf-8"?><testsuites name="pytest tests"><testsuite name="pytest" errors="0" failures="0" skipped="0" tests="12" time="4.891" timestamp="2026-05-08T06:03:04.556213+00:00" hostname="agent-env-c7bb82cc-8b2a-4c78-b0d3-a0827226d872"><testcase classname="backend.tests.test_iteration4_features.TestLoginRegression" name="test_super_login_ok" time="0.368" /><testcase classname="backend.tests.test_iteration4_features.TestLoginRegression" name="test_login_wrong_password" time="0.327" /><testcase classname="backend.tests.test_iteration4_features.TestOverdueEmProcesso" name="test_endpoint_returns_structure" time="0.445" /><testcase classname="backend.tests.test_iteration4_features.TestOverdueEmProcesso" name="test_endpoint_requires_auth" time="0.110" /><testcase classname="backend.tests.test_iteration4_features.TestOverdueEmProcesso" name="test_endpoint_accessible_for_justica" time="0.437" /><testcase classname="backend.tests.test_iteration4_features.TestMemberHistoryCumulative" name="test_member_history_returns_cumulative_fields" time="0.242" /><testcase classname="backend.tests.test_iteration4_features.TestToggleActive" name="test_create_user_includes_new_fields" time="0.543" /><testcase classname="backend.tests.test_iteration4_features.TestToggleActive" name="test_toggle_active_blocks_login" time="1.677" /><testcase classname="backend.tests.test_iteration4_features.TestToggleActive" name="test_toggle_super_admin_forbidden" time="0.219" /><testcase classname="backend.tests.test_iteration4_features.TestCasesUnidadeFilter" name="test_filter_by_unidade" time="0.211" /><testcase classname="backend.tests.test_iteration4_features.TestRegression" name="test_dashboard_stats" time="0.108" /><testcase classname="backend.tests.test_iteration4_features.TestRegression" name="test_list_cases" time="0.113" /></testsuite></testsuites>