<?xml version="1.0" encoding="utf-8"?><testsuites name="pytest tests"><testsuite name="pytest" errors="0" failures="0" skipped="0" tests="15" time="2.594" timestamp="2026-04-13T08:00:43.262861+00:00" hostname="agent-env-c7bb82cc-8b2a-4c78-b0d3-a0827226d872"><testcase classname="backend.tests.test_notificacoes_externas.TestNotificacoesExternasAPI" name="test_01_list_notificacoes_empty_or_existing" time="0.429" /><testcase classname="backend.tests.test_notificacoes_externas.TestNotificacoesExternasAPI" name="test_02_create_notificacao_super_admin" time="0.048" /><testcase classname="backend.tests.test_notificacoes_externas.TestNotificacoesExternasAPI" name="test_03_get_notificacao_by_id" time="0.049" /><testcase classname="backend.tests.test_notificacoes_externas.TestNotificacoesExternasAPI" name="test_04_update_notificacao" time="0.092" /><testcase classname="backend.tests.test_notificacoes_externas.TestNotificacoesExternasAPI" name="test_05_list_with_filters" time="0.052" /><testcase classname="backend.tests.test_notificacoes_externas.TestNotificacoesExternasAPI" name="test_06_list_with_search" time="0.049" /><testcase classname="backend.tests.test_notificacoes_externas.TestRoleBasedAccess" name="test_01_admin_can_create" time="0.380" /><testcase classname="backend.tests.test_notificacoes_externas.TestRoleBasedAccess" name="test_02_justica_can_create" time="0.376" /><testcase classname="backend.tests.test_notificacoes_externas.TestRoleBasedAccess" name="test_03_superior_can_read" time="0.369" /><testcase classname="backend.tests.test_notificacoes_externas.TestRoleBasedAccess" name="test_04_superior_cannot_create" time="0.042" /><testcase classname="backend.tests.test_notificacoes_externas.TestRoleBasedAccess" name="test_05_admin_cannot_delete" time="0.285" /><testcase classname="backend.tests.test_notificacoes_externas.TestDashboardIntegration" name="test_01_dashboard_has_notif_externas_count" time="0.052" /><testcase classname="backend.tests.test_notificacoes_externas.TestAdminNotifications" name="test_01_admin_notifications_include_ne_actions" time="0.051" /><testcase classname="backend.tests.test_notificacoes_externas.TestMemberHistoryIntegration" name="test_01_member_history_includes_ne" time="0.051" /><testcase classname="backend.tests.test_notificacoes_externas.TestCleanup" name="test_99_cleanup_test_data" time="0.190" /></testsuite></testsuites>