<?xml version="1.0" encoding="utf-8"?><testsuites name="pytest tests"><testsuite name="pytest" errors="0" failures="0" skipped="0" tests="7" time="2.468" timestamp="2026-04-20T00:03:16.733391+00:00" hostname="agent-env-c7bb82cc-8b2a-4c78-b0d3-a0827226d872"><testcase classname="backend.tests.test_new_features.TestOrigemAnexo" name="test_process_case_accepts_origem_anexo" time="0.864" /><testcase classname="backend.tests.test_new_features.TestOrigemAnexo" name="test_status_update_accepts_origem_anexo" time="0.474" /><testcase classname="backend.tests.test_new_features.TestNETelefone" name="test_create_ne_with_telefone" time="0.597" /><testcase classname="backend.tests.test_new_features.TestDashboardNEStats" name="test_dashboard_includes_ne_aguarde_and_concluida" time="0.128" /><testcase classname="backend.tests.test_new_features.TestNEStatusFilter" name="test_list_ne_with_status_aguarde" time="0.124" /><testcase classname="backend.tests.test_new_features.TestNEStatusFilter" name="test_list_ne_with_status_concluida" time="0.107" /><testcase classname="backend.tests.test_new_features.TestNEStatusFilter" name="test_list_ne_status_all_returns_all" time="0.103" /></testsuite></testsuites>